dailyRecord-build/outputs/logs/manifest-merger-debug-report.txt
-- Merging decision tree log ---
manifest
ADDED from src\main\AndroidManifest.xml:1:1-19:12
INJECTED from src\main\AndroidManifest.xml:1:1-19:12
INJECTED from src\main\AndroidManifest.xml:1:1-19:12
INJECTED from src\main\AndroidManifest.xml:1:1-19:12
	package
		INJECTED from src\main\AndroidManifest.xml
	android:versionName
		INJECTED from src\main\AndroidManifest.xml
	android:versionCode
		INJECTED from src\main\AndroidManifest.xml
	xmlns:android
		ADDED from src\main\AndroidManifest.xml:1:11-69
uses-permission#android.permission.ACCESS_FINE_LOCATION
ADDED from src\main\AndroidManifest.xml:2:5-79
	android:name
		ADDED from src\main\AndroidManifest.xml:2:22-76
uses-permission#android.permission.ACCESS_COARSE_LOCATION
ADDED from src\main\AndroidManifest.xml:3:5-81
	android:name
		ADDED from src\main\AndroidManifest.xml:3:22-78
uses-permission#android.permission.ACCESS_BACKGROUND_LOCATION
ADDED from src\main\AndroidManifest.xml:4:5-85
	android:name
		ADDED from src\main\AndroidManifest.xml:4:22-82
uses-permission#android.permission.POST_NOTIFICATIONS
ADDED from src\main\AndroidManifest.xml:5:5-77
	android:name
		ADDED from src\main\AndroidManifest.xml:5:22-74
uses-permission#android.permission.RECEIVE_BOOT_COMPLETED
ADDED from src\main\AndroidManifest.xml:6:5-81
	android:name
		ADDED from src\main\AndroidManifest.xml:6:22-78
uses-permission#android.permission.FOREGROUND_SERVICE
ADDED from src\main\AndroidManifest.xml:7:5-77
	android:name
		ADDED from src\main\AndroidManifest.xml:7:22-74
uses-permission#android.permission.FOREGROUND_SERVICE_LOCATION
ADDED from src\main\AndroidManifest.xml:8:5-86
	android:name
		ADDED from src\main\AndroidManifest.xml:8:22-83
application
ADDED from src\main\AndroidManifest.xml:9:5-18:19
INJECTED from src\main\AndroidManifest.xml:9:5-18:19
	android:extractNativeLibs
		INJECTED from src\main\AndroidManifest.xml
	android:label
		ADDED from src\main\AndroidManifest.xml:9:82-109
	android:roundIcon
		ADDED from src\main\AndroidManifest.xml:9:145-184
	android:icon
		ADDED from src\main\AndroidManifest.xml:9:110-144
	android:allowBackup
		ADDED from src\main\AndroidManifest.xml:9:185-212
	android:theme
		ADDED from src\main\AndroidManifest.xml:9:18-81
activity#com.dailyrecord.app.MainActivity
ADDED from src\main\AndroidManifest.xml:10:9-12:20
	android:exported
		ADDED from src\main\AndroidManifest.xml:10:48-71
	android:name
		ADDED from src\main\AndroidManifest.xml:10:19-47
intent-filter#action:name:android.intent.action.MAIN+category:name:android.intent.category.LAUNCHER
ADDED from src\main\AndroidManifest.xml:11:13-154
action#android.intent.action.MAIN
ADDED from src\main\AndroidManifest.xml:11:28-79
	android:name
		ADDED from src\main\AndroidManifest.xml:11:36-77
category#android.intent.category.LAUNCHER
ADDED from src\main\AndroidManifest.xml:11:79-138
	android:name
		ADDED from src\main\AndroidManifest.xml:11:89-136
activity#com.dailyrecord.app.SettingsActivity
ADDED from src\main\AndroidManifest.xml:13:9-79
	android:exported
		ADDED from src\main\AndroidManifest.xml:13:52-76
	android:name
		ADDED from src\main\AndroidManifest.xml:13:19-51
service#com.dailyrecord.app.MonitorService
ADDED from src\main\AndroidManifest.xml:14:9-117
	android:exported
		ADDED from src\main\AndroidManifest.xml:14:49-73
	android:foregroundServiceType
		ADDED from src\main\AndroidManifest.xml:14:74-114
	android:name
		ADDED from src\main\AndroidManifest.xml:14:18-48
receiver#com.dailyrecord.app.BootReceiver
ADDED from src\main\AndroidManifest.xml:15:9-17:20
	android:enabled
		ADDED from src\main\AndroidManifest.xml:15:48-70
	android:exported
		ADDED from src\main\AndroidManifest.xml:15:71-95
	android:name
		ADDED from src\main\AndroidManifest.xml:15:19-47
intent-filter#action:name:android.intent.action.BOOT_COMPLETED
ADDED from src\main\AndroidManifest.xml:16:13-105
action#android.intent.action.BOOT_COMPLETED
ADDED from src\main\AndroidManifest.xml:16:28-89
	android:name
		ADDED from src\main\AndroidManifest.xml:16:36-87
uses-sdk
INJECTED from src\main\AndroidManifest.xml reason: use-sdk injection requested
INJECTED from src\main\AndroidManifest.xml
INJECTED from src\main\AndroidManifest.xml
	android:targetSdkVersion
		INJECTED from src\main\AndroidManifest.xml
	android:minSdkVersion
		INJECTED from src\main\AndroidManifest.xml